<?xml version="1.0" encoding="UTF-8" ?>
<testsuite errors="1" failures="0" hostname="JiatekiMacBook-Pro.local" name="disney.TestCase" skipped="0" tests="1" time="59.72" timestamp="2015-05-05T04:13:08">
  <properties>
[...]
</properties>
  <testcase classname="disney.TestCase" name="testSTLifeQuote" time="59.376">
    <error type="java.lang.NullPointerException">java.lang.NullPointerException
	at disney.TestCase.testSTLifeQuote(TestCase.java:133)
</error>
  </testcase>
  <system-out><![CDATA[Unable to locate element: {"method":"id","selector":"custAlreadyWithSF10"}
Command duration or timeout: 15.16 seconds
For documentation on this error, please visit: http://seleniumhq.org/exceptions/no_such_element.html
Build info: version: '2.45.0', revision: '5017cb8', time: '2015-02-26 23:59:50'
System info: host: 'JiatekiMacBook-Pro.local', ip: '192.168.0.9', os.name: 'Mac OS X', os.arch: 'x86_64', os.version: '10.10.2', java.version: '1.8.0_40'
Driver info: org.openqa.selenium.firefox.FirefoxDriver
Capabilities [{applicationCacheEnabled=true, rotatable=false, handlesAlerts=true, databaseEnabled=true, version=36.0.1, platform=MAC, nativeEvents=false, acceptSslCerts=true, webStorageEnabled=true, locationContextEnabled=true, browserName=firefox, takesScreenshot=true, javascriptEnabled=true, cssSelectorsEnabled=true}]
Session ID: d0d8e708-d420-ae43-b374-463f4cc2e34a
*** Element info: {Using=id, value=custAlreadyWithSF10}
]]></system-out>
  <system-err><![CDATA[]]></system-err>
</testsuite>
